TN:
SF:config.js
FNF:0
FNH:0
DA:1,5
DA:2,5
DA:3,5
DA:5,5
DA:6,5
DA:8,5
DA:17,5
LF:7
LH:7
BRF:0
BRH:0
end_of_record
TN:
SF:blockchain\block.js
FN:6,(anonymous_0)
FN:15,(anonymous_1)
FN:19,(anonymous_2)
FN:41,(anonymous_3)
FNF:4
FNH:4
FNDA:106,(anonymous_0)
FNDA:61,(anonymous_1)
FNDA:43,(anonymous_2)
FNDA:345,(anonymous_3)
DA:1,4
DA:2,4
DA:3,4
DA:7,106
DA:8,106
DA:9,106
DA:10,106
DA:11,106
DA:12,106
DA:16,61
DA:21,43
DA:22,43
DA:23,43
DA:24,43
DA:25,342
DA:26,342
DA:27,342
DA:28,342
DA:31,43
DA:42,345
DA:43,345
DA:44,344
DA:45,235
DA:49,4
LF:24
LH:24
BRDA:43,0,0,1
BRDA:43,0,1,344
BRDA:44,1,0,109
BRDA:44,1,1,235
BRF:4
BRH:4
end_of_record
TN:
SF:blockchain\index.js
FN:8,(anonymous_0)
FN:12,(anonymous_1)
FN:20,(anonymous_2)
FN:41,(anonymous_3)
FN:59,(anonymous_4)
FNF:5
FNH:5
FNDA:48,(anonymous_0)
FNDA:42,(anonymous_1)
FNDA:10,(anonymous_2)
FNDA:7,(anonymous_3)
FNDA:6,(anonymous_4)
DA:1,3
DA:2,3
DA:3,3
DA:4,3
DA:5,3
DA:9,48
DA:13,42
DA:17,42
DA:21,10
DA:22,1
DA:25,9
DA:26,22
DA:27,22
DA:28,22
DA:30,22
DA:32,22
DA:33,21
DA:34,20
DA:35,3
DA:38,4
DA:42,7
DA:43,2
DA:44,2
DA:46,5
DA:47,2
DA:48,2
DA:50,3
DA:51,1
DA:52,1
DA:54,2
DA:55,2
DA:56,2
DA:60,6
DA:61,6
DA:62,6
DA:63,6
DA:65,6
DA:66,11
DA:67,4
DA:68,4
DA:69,1
DA:70,1
DA:72,3
DA:73,1
DA:74,1
DA:77,7
DA:78,1
DA:79,1
DA:81,6
DA:86,6
DA:91,6
DA:92,1
DA:93,1
DA:95,5
DA:96,1
DA:99,1
DA:101,4
DA:107,1
DA:111,3
LF:59
LH:59
BRDA:21,0,0,1
BRDA:21,0,1,9
BRDA:32,1,0,1
BRDA:32,1,1,21
BRDA:33,2,0,1
BRDA:33,2,1,20
BRDA:34,3,0,3
BRDA:34,3,1,17
BRDA:42,4,0,2
BRDA:42,4,1,5
BRDA:46,5,0,2
BRDA:46,5,1,3
BRDA:50,6,0,1
BRDA:50,6,1,2
BRDA:50,7,0,3
BRDA:50,7,1,1
BRDA:54,8,0,0
BRDA:54,8,1,2
BRDA:66,9,0,4
BRDA:66,9,1,7
BRDA:68,10,0,1
BRDA:68,10,1,3
BRDA:72,11,0,1
BRDA:72,11,1,2
BRDA:77,12,0,1
BRDA:77,12,1,6
BRDA:91,13,0,1
BRDA:91,13,1,5
BRDA:95,14,0,1
BRDA:95,14,1,4
BRF:30
BRH:29
end_of_record
TN:
SF:util\crypto-hash.js
FN:3,(anonymous_0)
FN:5,(anonymous_1)
FNF:2
FNH:2
FNDA:488,(anonymous_0)
FNDA:1948,(anonymous_1)
DA:1,7
DA:3,7
DA:4,488
DA:5,1948
DA:6,488
DA:10,7
LF:6
LH:6
BRF:0
BRH:0
end_of_record
TN:
SF:util\index.js
FN:6,(anonymous_0)
FNF:1
FNH:1
FNDA:23,(anonymous_0)
DA:1,5
DA:2,5
DA:4,5
DA:6,5
DA:7,23
DA:8,23
DA:11,5
LF:7
LH:7
BRF:0
BRH:0
end_of_record
TN:
SF:wallet\index.js
FN:7,(anonymous_0)
FN:13,(anonymous_1)
FN:17,(anonymous_2)
FN:29,(anonymous_3)
FNF:4
FNH:4
FNDA:69,(anonymous_0)
FNDA:91,(anonymous_1)
FNDA:27,(anonymous_2)
FNDA:10,(anonymous_3)
DA:1,4
DA:2,4
DA:3,4
DA:8,69
DA:9,69
DA:10,69
DA:14,91
DA:18,27
DA:19,1
DA:23,27
DA:24,1
DA:26,26
DA:30,10
DA:31,10
DA:33,10
DA:34,4
DA:36,4
DA:37,6
DA:38,2
DA:40,6
DA:41,6
DA:42,6
DA:46,4
DA:47,2
DA:51,10
DA:55,4
LF:26
LH:26
BRDA:18,0,0,1
BRDA:18,0,1,26
BRDA:23,1,0,1
BRDA:23,1,1,26
BRDA:37,2,0,2
BRDA:37,2,1,4
BRDA:41,3,0,6
BRDA:41,3,1,0
BRDA:46,4,0,2
BRDA:46,4,1,2
BRDA:51,5,0,2
BRDA:51,5,1,8
BRF:12
BRH:11
end_of_record
TN:
SF:wallet\transaction-pool.js
FN:4,(anonymous_0)
FN:8,(anonymous_1)
FN:12,(anonymous_2)
FN:15,(anonymous_3)
FN:19,(anonymous_4)
FN:23,(anonymous_5)
FN:24,(anonymous_6)
FN:29,(anonymous_7)
FN:33,(anonymous_8)
FNF:9
FNH:8
FNDA:6,(anonymous_0)
FNDA:28,(anonymous_1)
FNDA:1,(anonymous_2)
FNDA:1,(anonymous_3)
FNDA:0,(anonymous_4)
FNDA:2,(anonymous_5)
FNDA:20,(anonymous_6)
FNDA:1,(anonymous_7)
FNDA:1,(anonymous_8)
DA:1,1
DA:5,6
DA:9,28
DA:13,1
DA:14,1
DA:15,1
DA:20,0
DA:24,2
DA:25,20
DA:30,1
DA:34,1
DA:35,4
DA:36,4
DA:37,3
DA:38,3
DA:45,1
LF:16
LH:15
BRDA:37,0,0,3
BRDA:37,0,1,0
BRF:2
BRH:1
end_of_record
TN:
SF:wallet\transaction.js
FN:6,(anonymous_0)
FN:12,(anonymous_1)
FN:21,(anonymous_2)
FN:30,(anonymous_3)
FN:45,(anonymous_4)
FN:51,(anonymous_5)
FN:67,(anonymous_6)
FNF:7
FNH:7
FNDA:82,(anonymous_0)
FNDA:73,(anonymous_1)
FNDA:81,(anonymous_2)
FNDA:9,(anonymous_3)
FNDA:30,(anonymous_4)
FNDA:30,(anonymous_5)
FNDA:9,(anonymous_6)
DA:1,4
DA:2,4
DA:3,4
DA:7,82
DA:8,82
DA:9,82
DA:13,73
DA:15,73
DA:16,73
DA:18,73
DA:22,81
DA:31,9
DA:32,1
DA:34,8
DA:35,6
DA:37,2
DA:39,8
DA:42,8
DA:49,30
DA:50,30
DA:51,30
DA:54,30
DA:55,10
DA:56,10
DA:59,20
DA:60,7
DA:61,7
DA:64,13
DA:68,9
DA:75,4
LF:30
LH:30
BRDA:8,0,0,82
BRDA:8,0,1,73
BRDA:9,1,0,82
BRDA:9,1,1,73
BRDA:31,2,0,1
BRDA:31,2,1,8
BRDA:34,3,0,6
BRDA:34,3,1,2
BRDA:54,4,0,10
BRDA:54,4,1,20
BRDA:59,5,0,7
BRDA:59,5,1,13
BRF:12
BRH:12
end_of_record
